  JohnnyGuitarNVSE.cpp
e:\modding\nvse\johnnyjip_new\jg\johnnyguitar\misc.h(166): warning C4996: 'fopen': This function or variable may be unsafe. Consider using fopen_s instead. To disable deprecation, use _CRT_SECURE_NO_WARNINGS. See online help for details.
          c:\program files (x86)\microsoft visual studio 12.0\vc\include\stdio.h(211) : see declaration of 'fopen'
e:\modding\nvse\johnnyjip_new\jg\johnnyguitar\johnnyguitarnvse.h(351): warning C4996: 'strcpy': This function or variable may be unsafe. Consider using strcpy_s instead. To disable deprecation, use _CRT_SECURE_NO_WARNINGS. See online help for details.
          c:\program files (x86)\microsoft visual studio 12.0\vc\include\string.h(112) : see declaration of 'strcpy'
e:\modding\nvse\johnnyjip_new\jg\johnnyguitar\johnnyguitarnvse.h(352): warning C4996: 'strcat': This function or variable may be unsafe. Consider using strcat_s instead. To disable deprecation, use _CRT_SECURE_NO_WARNINGS. See online help for details.
          c:\program files (x86)\microsoft visual studio 12.0\vc\include\string.h(118) : see declaration of 'strcat'
e:\modding\nvse\johnnyjip_new\jg\johnnyguitar\johnnyguitarnvse.h(358): warning C4996: 'sprintf': This function or variable may be unsafe. Consider using sprintf_s instead. To disable deprecation, use _CRT_SECURE_NO_WARNINGS. See online help for details.
          c:\program files (x86)\microsoft visual studio 12.0\vc\include\stdio.h(356) : see declaration of 'sprintf'
e:\modding\nvse\johnnyjip_new\jg\johnnyguitar\johnnyfunctions.h(530): warning C4800: 'int' : forcing value to bool 'true' or 'false' (performance warning)
e:\modding\nvse\johnnyjip_new\jg\johnnyguitar\johnnyfunctions.h(982): warning C4996: 'strcpy': This function or variable may be unsafe. Consider using strcpy_s instead. To disable deprecation, use _CRT_SECURE_NO_WARNINGS. See online help for details.
          c:\program files (x86)\microsoft visual studio 12.0\vc\include\string.h(112) : see declaration of 'strcpy'
e:\modding\nvse\johnnyjip_new\jg\johnnyguitar\johnnyfunctions.h(983): warning C4996: 'strcat': This function or variable may be unsafe. Consider using strcat_s instead. To disable deprecation, use _CRT_SECURE_NO_WARNINGS. See online help for details.
          c:\program files (x86)\microsoft visual studio 12.0\vc\include\string.h(118) : see declaration of 'strcat'
e:\modding\nvse\johnnyjip_new\jg\johnnyguitar\johnnyfunctions.h(985): warning C4996: 'strcat': This function or variable may be unsafe. Consider using strcat_s instead. To disable deprecation, use _CRT_SECURE_NO_WARNINGS. See online help for details.
          c:\program files (x86)\microsoft visual studio 12.0\vc\include\string.h(118) : see declaration of 'strcat'
e:\modding\nvse\johnnyjip_new\jg\johnnyguitar\johnnyfunctions.h(1163): warning C4996: 'strcpy': This function or variable may be unsafe. Consider using strcpy_s instead. To disable deprecation, use _CRT_SECURE_NO_WARNINGS. See online help for details.
          c:\program files (x86)\microsoft visual studio 12.0\vc\include\string.h(112) : see declaration of 'strcpy'
e:\modding\nvse\johnnyjip_new\jg\johnnyguitar\johnnyfunctions.h(1178): warning C4996: 'strcpy': This function or variable may be unsafe. Consider using strcpy_s instead. To disable deprecation, use _CRT_SECURE_NO_WARNINGS. See online help for details.
          c:\program files (x86)\microsoft visual studio 12.0\vc\include\string.h(112) : see declaration of 'strcpy'
e:\modding\nvse\johnnyjip_new\jg\johnnyguitar\johnnyfunctions.h(1221): warning C4800: 'UInt32' : forcing value to bool 'true' or 'false' (performance warning)
e:\modding\nvse\johnnyjip_new\jg\johnnyguitar\johnnyfunctions.h(1411): warning C4996: 'strcpy': This function or variable may be unsafe. Consider using strcpy_s instead. To disable deprecation, use _CRT_SECURE_NO_WARNINGS. See online help for details.
          c:\program files (x86)\microsoft visual studio 12.0\vc\include\string.h(112) : see declaration of 'strcpy'
e:\modding\nvse\johnnyjip_new\jg\johnnyguitar\johnnyfunctions.h(1427): warning C4996: 'strcpy': This function or variable may be unsafe. Consider using strcpy_s instead. To disable deprecation, use _CRT_SECURE_NO_WARNINGS. See online help for details.
          c:\program files (x86)\microsoft visual studio 12.0\vc\include\string.h(112) : see declaration of 'strcpy'
e:\modding\nvse\johnnyjip_new\jg\johnnyguitar\bmphandling.h(57): warning C4996: 'fopen': This function or variable may be unsafe. Consider using fopen_s instead. To disable deprecation, use _CRT_SECURE_NO_WARNINGS. See online help for details.
          c:\program files (x86)\microsoft visual studio 12.0\vc\include\stdio.h(211) : see declaration of 'fopen'
e:\modding\nvse\johnnyjip_new\jg\johnnyguitarnvse.cpp(99): warning C4996: 'strcpy': This function or variable may be unsafe. Consider using strcpy_s instead. To disable deprecation, use _CRT_SECURE_NO_WARNINGS. See online help for details.
          c:\program files (x86)\microsoft visual studio 12.0\vc\include\string.h(112) : see declaration of 'strcpy'
e:\modding\nvse\johnnyjip_new\jg\johnnyguitarnvse.cpp(100): warning C4800: 'UINT' : forcing value to bool 'true' or 'false' (performance warning)
e:\modding\nvse\johnnyjip_new\jg\johnnyguitarnvse.cpp(101): warning C4800: 'UINT' : forcing value to bool 'true' or 'false' (performance warning)
  nvse_plugin_example.vcxproj -> E:\modding\NVSE\JohnnyJIP_new\JG\Debug\johnnyguitar.dll
          1 file(s) copied.
