e:\modding\nvse\johnnyjip_new\jg\release\vc120.pdb
e:\modding\nvse\johnnyjip_new\jg\release\johnnyguitarnvse.obj
e:\modding\nvse\johnnyjip_new\jg\release\utility.obj
e:\modding\nvse\johnnyjip_new\jg\release\sha1.obj
e:\modding\nvse\johnnyjip_new\jg\release\md5.obj
e:\modding\nvse\johnnyjip_new\jg\release\utilities.obj
e:\modding\nvse\johnnyjip_new\jg\release\safewrite.obj
e:\modding\nvse\johnnyjip_new\jg\release\gametypes.obj
e:\modding\nvse\johnnyjip_new\jg\release\gametiles.obj
e:\modding\nvse\johnnyjip_new\jg\release\gametasks.obj
e:\modding\nvse\johnnyjip_new\jg\release\gamesettings.obj
e:\modding\nvse\johnnyjip_new\jg\release\gamescript.obj
e:\modding\nvse\johnnyjip_new\jg\release\gamertti.obj
e:\modding\nvse\johnnyjip_new\jg\release\gameosdepend.obj
e:\modding\nvse\johnnyjip_new\jg\release\gameobjects.obj
e:\modding\nvse\johnnyjip_new\jg\release\gameforms.obj
e:\modding\nvse\johnnyjip_new\jg\release\gameextradata.obj
e:\modding\nvse\johnnyjip_new\jg\release\gamedata.obj
e:\modding\nvse\johnnyjip_new\jg\release\gamebsextradata.obj
e:\modding\nvse\johnnyjip_new\jg\release\gameapi.obj
e:\modding\nvse\johnnyjip_new\jg\release\johnnyguitar.lib
e:\modding\nvse\johnnyjip_new\jg\release\johnnyguitar.exp
e:\modding\nvse\johnnyjip_new\jg\release\johnnyguitar.dll
e:\modding\nvse\johnnyjip_new\jg\release\johnnyguitar.pdb
e:\modding\nvse\johnnyjip_new\jg\release\johnnyguitar.tlog\cl.command.1.tlog
e:\modding\nvse\johnnyjip_new\jg\release\johnnyguitar.tlog\cl.read.1.tlog
e:\modding\nvse\johnnyjip_new\jg\release\johnnyguitar.tlog\cl.write.1.tlog
e:\modding\nvse\johnnyjip_new\jg\release\johnnyguitar.tlog\johnnyguitar.write.1u.tlog
e:\modding\nvse\johnnyjip_new\jg\release\johnnyguitar.tlog\link.command.1.tlog
e:\modding\nvse\johnnyjip_new\jg\release\johnnyguitar.tlog\link.read.1.tlog
e:\modding\nvse\johnnyjip_new\jg\release\johnnyguitar.tlog\link.write.1.tlog
